Correlator-storedData///{"Anomaly":{},"Date":1.49302497834E12}///1493024978355
Correlator-storedData///{"Anomaly":{},"Date":1.493025007935E12}///1493025007936
Correlator-storedData///{"Anomaly":{},"Date":1.493025043149E12}///1493025043151
Correlator-storedData///{"Anomaly":{},"Date":1.493025076732E12}///1493025076733
Correlator-storedData///{"Anomaly":{},"Date":1.493025202761E12}///1493025202762
Correlator-storedData///{"Anomaly":{},"Date":1.493025233492E12}///1493025233494
Correlator-storedData///{"Anomaly":{},"Date":1.493025261354E12}///1493025261355
Correlator-storedData///{"Anomaly":{},"Date":1.493025286602E12}///1493025286603
Correlator-storedData///{"Anomaly":{},"Date":1.493025286607E12}///1493025286607
Correlator-storedData///{"Anomaly":{},"Date":1.493025287608E12}///1493025287608
Correlator-comillas2///{"Anomaly":{"comillas2_year_inactive.csv-anomalies.json":{"timestamp-no2":1.0,"timestamp-light":1.0,"timestamp-co":3.0,"timestamp-noise":-2.0,"tstamp-hum":-1.0,"tstamp-no2":-4.0,"tstamp-noise":-5.0,"tstamp-temp":-4.0,"tstamp-co":5.0,"tstamp-light":10.0},"comillas2_week_active.csv-anomalies.json":{"timestamp-no2":1.0,"timestamp-light":1.0,"timestamp-co":3.0,"timestamp-noise":-2.0,"tstamp-hum":-1.0,"tstamp-no2":-4.0,"tstamp-noise":-5.0,"tstamp-temp":-4.0,"tstamp-co":5.0,"tstamp-light":10.0},"comillas2_week_inactive.csv-anomalies.json":{"timestamp-no2":1.0,"timestamp-light":1.0,"timestamp-co":3.0,"timestamp-noise":-2.0,"tstamp-hum":-1.0,"tstamp-no2":-4.0,"tstamp-noise":-5.0,"tstamp-temp":-4.0,"tstamp-co":5.0,"tstamp-light":10.0}},"Date":1.493025288644E12}///1493025288644
Correlator-storedData///{"Anomaly":{},"Date":1.493025303276E12}///1493025303277
Correlator-storedData///{"Anomaly":{},"Date":1.493025360411E12}///1493025360412
Correlator-comillas///{"Anomaly":{"comillas_year_inactive.csv-anomalies.json":{"timestamp-no2":1.0,"timestamp-light":1.0,"timestamp-bat":-1.0,"timestamp-co":3.0,"timestamp-noise":-2.0,"tstamp-hum":-1.0,"tstamp-no2":-4.0,"tstamp-noise":-5.0,"tstamp-temp":-4.0,"tstamp-co":6.0,"tstamp-bat":1.0,"tstamp-light":10.0},"comillas_week_inactive.csv-anomalies.json":{"timestamp-no2":1.0,"timestamp-light":1.0,"timestamp-bat":-1.0,"timestamp-co":3.0,"timestamp-noise":-2.0,"tstamp-hum":-1.0,"tstamp-no2":-4.0,"tstamp-noise":-5.0,"tstamp-temp":-4.0,"tstamp-co":6.0,"tstamp-bat":1.0,"tstamp-light":10.0},"comillas_week_active.csv-anomalies.json":{"timestamp-no2":1.0,"timestamp-light":1.0,"timestamp-bat":-1.0,"timestamp-co":3.0,"timestamp-noise":-2.0,"tstamp-hum":-1.0,"tstamp-no2":-4.0,"tstamp-noise":-5.0,"tstamp-temp":-4.0,"tstamp-co":6.0,"tstamp-bat":1.0,"tstamp-light":10.0}},"Date":1.4930255202E12}///1493025520200
Correlator-comillas///{"Anomaly":{"comillas_year_inactive.csv-anomalies.json":{"timestamp-no2":1.0,"timestamp-light":1.0,"timestamp-bat":-1.0,"timestamp-co":3.0,"timestamp-noise":-2.0,"tstamp-hum":-1.0,"tstamp-no2":-4.0,"tstamp-noise":-5.0,"tstamp-temp":-4.0,"tstamp-co":6.0,"tstamp-bat":1.0,"tstamp-light":10.0},"comillas_week_inactive.csv-anomalies.json":{"timestamp-no2":1.0,"timestamp-light":1.0,"timestamp-bat":-1.0,"timestamp-co":3.0,"timestamp-noise":-2.0,"tstamp-hum":-1.0,"tstamp-no2":-4.0,"tstamp-noise":-5.0,"tstamp-temp":-4.0,"tstamp-co":6.0,"tstamp-bat":1.0,"tstamp-light":10.0},"comillas_week_active.csv-anomalies.json":{"timestamp-no2":1.0,"timestamp-light":1.0,"timestamp-bat":-1.0,"timestamp-co":3.0,"timestamp-noise":-2.0,"tstamp-hum":-1.0,"tstamp-no2":-4.0,"tstamp-noise":-5.0,"tstamp-temp":-4.0,"tstamp-co":6.0,"tstamp-bat":1.0,"tstamp-light":10.0}},"Date":1.493025520202E12}///1493025520202
Correlator-comillas///{"Anomaly":{"comillas_year_inactive.csv-anomalies.json":{"timestamp-no2":1.0,"timestamp-light":1.0,"timestamp-bat":-1.0,"timestamp-co":3.0,"timestamp-noise":-2.0,"tstamp-hum":-1.0,"tstamp-no2":-4.0,"tstamp-noise":-5.0,"tstamp-temp":-4.0,"tstamp-co":6.0,"tstamp-bat":1.0,"tstamp-light":10.0},"comillas_week_inactive.csv-anomalies.json":{"timestamp-no2":1.0,"timestamp-light":1.0,"timestamp-bat":-1.0,"timestamp-co":3.0,"timestamp-noise":-2.0,"tstamp-hum":-1.0,"tstamp-no2":-4.0,"tstamp-noise":-5.0,"tstamp-temp":-4.0,"tstamp-co":6.0,"tstamp-bat":1.0,"tstamp-light":10.0},"comillas_week_active.csv-anomalies.json":{"timestamp-no2":1.0,"timestamp-light":1.0,"timestamp-bat":-1.0,"timestamp-co":3.0,"timestamp-noise":-2.0,"tstamp-hum":-1.0,"tstamp-no2":-4.0,"tstamp-noise":-5.0,"tstamp-temp":-4.0,"tstamp-co":6.0,"tstamp-bat":1.0,"tstamp-light":10.0}},"Date":1.493025529748E12}///1493025529749
Correlator-comillas///{"Anomaly":{"comillas_year_inactive.csv-anomalies.json":{"timestamp-no2":1.0,"timestamp-light":1.0,"timestamp-bat":-1.0,"timestamp-co":3.0,"timestamp-noise":-2.0,"tstamp-hum":-1.0,"tstamp-no2":-4.0,"tstamp-noise":-5.0,"tstamp-temp":-4.0,"tstamp-co":6.0,"tstamp-bat":1.0,"tstamp-light":10.0},"comillas_week_inactive.csv-anomalies.json":{"timestamp-no2":1.0,"timestamp-light":1.0,"timestamp-bat":-1.0,"timestamp-co":3.0,"timestamp-noise":-2.0,"tstamp-hum":-1.0,"tstamp-no2":-4.0,"tstamp-noise":-5.0,"tstamp-temp":-4.0,"tstamp-co":6.0,"tstamp-bat":1.0,"tstamp-light":10.0},"comillas_week_active.csv-anomalies.json":{"timestamp-no2":1.0,"timestamp-light":1.0,"timestamp-bat":-1.0,"timestamp-co":3.0,"timestamp-noise":-2.0,"tstamp-hum":-1.0,"tstamp-no2":-4.0,"tstamp-noise":-5.0,"tstamp-temp":-4.0,"tstamp-co":6.0,"tstamp-bat":1.0,"tstamp-light":10.0}},"Date":1.493025530751E12}///1493025530752
Correlator-comillas///{"Anomaly":{"comillas_year_inactive.csv-anomalies.json":{"timestamp-no2":1.0,"timestamp-light":1.0,"timestamp-bat":-1.0,"timestamp-co":3.0,"timestamp-noise":-2.0,"tstamp-hum":-1.0,"tstamp-no2":-4.0,"tstamp-noise":-5.0,"tstamp-temp":-4.0,"tstamp-co":6.0,"tstamp-bat":1.0,"tstamp-light":10.0},"comillas_week_inactive.csv-anomalies.json":{"timestamp-no2":1.0,"timestamp-light":1.0,"timestamp-bat":-1.0,"timestamp-co":3.0,"timestamp-noise":-2.0,"tstamp-hum":-1.0,"tstamp-no2":-4.0,"tstamp-noise":-5.0,"tstamp-temp":-4.0,"tstamp-co":6.0,"tstamp-bat":1.0,"tstamp-light":10.0},"comillas_week_active.csv-anomalies.json":{"timestamp-no2":1.0,"timestamp-light":1.0,"timestamp-bat":-1.0,"timestamp-co":3.0,"timestamp-noise":-2.0,"tstamp-hum":-1.0,"tstamp-no2":-4.0,"tstamp-noise":-5.0,"tstamp-temp":-4.0,"tstamp-co":6.0,"tstamp-bat":1.0,"tstamp-light":10.0}},"Date":1.493025530753E12}///1493025530754
Correlator-comillas///{"Anomaly":{"comillas_year_inactive.csv-anomalies.json":{"timestamp-no2":1.0,"timestamp-light":1.0,"timestamp-bat":-1.0,"timestamp-co":3.0,"timestamp-noise":-2.0,"tstamp-hum":-1.0,"tstamp-no2":-4.0,"tstamp-noise":-5.0,"tstamp-temp":-4.0,"tstamp-co":6.0,"tstamp-bat":1.0,"tstamp-light":10.0},"comillas_week_inactive.csv-anomalies.json":{"timestamp-no2":1.0,"timestamp-light":1.0,"timestamp-bat":-1.0,"timestamp-co":3.0,"timestamp-noise":-2.0,"tstamp-hum":-1.0,"tstamp-no2":-4.0,"tstamp-noise":-5.0,"tstamp-temp":-4.0,"tstamp-co":6.0,"tstamp-bat":1.0,"tstamp-light":10.0},"comillas_week_active.csv-anomalies.json":{"timestamp-no2":1.0,"timestamp-light":1.0,"timestamp-bat":-1.0,"timestamp-co":3.0,"timestamp-noise":-2.0,"tstamp-hum":-1.0,"tstamp-no2":-4.0,"tstamp-noise":-5.0,"tstamp-temp":-4.0,"tstamp-co":6.0,"tstamp-bat":1.0,"tstamp-light":10.0}},"Date":1.493025556826E12}///1493025556827
Correlator-comillas///{"Anomaly":{"comillas_year_inactive.csv-anomalies.json":{"timestamp-no2":1.0,"timestamp-light":1.0,"timestamp-bat":-1.0,"timestamp-co":3.0,"timestamp-noise":-2.0,"tstamp-hum":-1.0,"tstamp-no2":-4.0,"tstamp-noise":-5.0,"tstamp-temp":-4.0,"tstamp-co":6.0,"tstamp-bat":1.0,"tstamp-light":10.0},"comillas_week_inactive.csv-anomalies.json":{"timestamp-no2":1.0,"timestamp-light":1.0,"timestamp-bat":-1.0,"timestamp-co":3.0,"timestamp-noise":-2.0,"tstamp-hum":-1.0,"tstamp-no2":-4.0,"tstamp-noise":-5.0,"tstamp-temp":-4.0,"tstamp-co":6.0,"tstamp-bat":1.0,"tstamp-light":10.0},"comillas_week_active.csv-anomalies.json":{"timestamp-no2":1.0,"timestamp-light":1.0,"timestamp-bat":-1.0,"timestamp-co":3.0,"timestamp-noise":-2.0,"tstamp-hum":-1.0,"tstamp-no2":-4.0,"tstamp-noise":-5.0,"tstamp-temp":-4.0,"tstamp-co":6.0,"tstamp-bat":1.0,"tstamp-light":10.0}},"Date":1.493025556832E12}///1493025556832
Correlator-comillas///{"Anomaly":{"comillas_year_inactive.csv-anomalies.json":{"timestamp-no2":1.0,"timestamp-light":1.0,"timestamp-bat":-1.0,"timestamp-co":3.0,"timestamp-noise":-2.0,"tstamp-hum":-1.0,"tstamp-no2":-4.0,"tstamp-noise":-5.0,"tstamp-temp":-4.0,"tstamp-co":6.0,"tstamp-bat":1.0,"tstamp-light":10.0},"comillas_week_inactive.csv-anomalies.json":{"timestamp-no2":1.0,"timestamp-light":1.0,"timestamp-bat":-1.0,"timestamp-co":3.0,"timestamp-noise":-2.0,"tstamp-hum":-1.0,"tstamp-no2":-4.0,"tstamp-noise":-5.0,"tstamp-temp":-4.0,"tstamp-co":6.0,"tstamp-bat":1.0,"tstamp-light":10.0},"comillas_week_active.csv-anomalies.json":{"timestamp-no2":1.0,"timestamp-light":1.0,"timestamp-bat":-1.0,"timestamp-co":3.0,"timestamp-noise":-2.0,"tstamp-hum":-1.0,"tstamp-no2":-4.0,"tstamp-noise":-5.0,"tstamp-temp":-4.0,"tstamp-co":6.0,"tstamp-bat":1.0,"tstamp-light":10.0}},"Date":1.493025557833E12}///1493025557834
Correlator-comillas///{"Anomaly":{"comillas_year_inactive.csv-anomalies.json":{"timestamp-no2":1.0,"timestamp-light":1.0,"timestamp-bat":-1.0,"timestamp-co":3.0,"timestamp-noise":-2.0,"tstamp-hum":-1.0,"tstamp-no2":-4.0,"tstamp-noise":-5.0,"tstamp-temp":-4.0,"tstamp-co":6.0,"tstamp-bat":1.0,"tstamp-light":10.0},"comillas_week_inactive.csv-anomalies.json":{"timestamp-no2":1.0,"timestamp-light":1.0,"timestamp-bat":-1.0,"timestamp-co":3.0,"timestamp-noise":-2.0,"tstamp-hum":-1.0,"tstamp-no2":-4.0,"tstamp-noise":-5.0,"tstamp-temp":-4.0,"tstamp-co":6.0,"tstamp-bat":1.0,"tstamp-light":10.0},"comillas_week_active.csv-anomalies.json":{"timestamp-no2":1.0,"timestamp-light":1.0,"timestamp-bat":-1.0,"timestamp-co":3.0,"timestamp-noise":-2.0,"tstamp-hum":-1.0,"tstamp-no2":-4.0,"tstamp-noise":-5.0,"tstamp-temp":-4.0,"tstamp-co":6.0,"tstamp-bat":1.0,"tstamp-light":10.0}},"Date":1.493025557834E12}///1493025557835
Correlator-comillas///{"Anomaly":{"comillas_year_inactive.csv-anomalies.json":{"timestamp-no2":1.0,"timestamp-light":1.0,"timestamp-bat":-1.0,"timestamp-co":3.0,"timestamp-noise":-2.0,"tstamp-hum":-1.0,"tstamp-no2":-4.0,"tstamp-noise":-5.0,"tstamp-temp":-4.0,"tstamp-co":6.0,"tstamp-bat":1.0,"tstamp-light":10.0},"comillas_week_inactive.csv-anomalies.json":{"timestamp-no2":1.0,"timestamp-light":1.0,"timestamp-bat":-1.0,"timestamp-co":3.0,"timestamp-noise":-2.0,"tstamp-hum":-1.0,"tstamp-no2":-4.0,"tstamp-noise":-5.0,"tstamp-temp":-4.0,"tstamp-co":6.0,"tstamp-bat":1.0,"tstamp-light":10.0},"comillas_week_active.csv-anomalies.json":{"timestamp-no2":1.0,"timestamp-light":1.0,"timestamp-bat":-1.0,"timestamp-co":3.0,"timestamp-noise":-2.0,"tstamp-hum":-1.0,"tstamp-no2":-4.0,"tstamp-noise":-5.0,"tstamp-temp":-4.0,"tstamp-co":6.0,"tstamp-bat":1.0,"tstamp-light":10.0}},"Date":1.493025584171E12}///1493025584171
Correlator-comillas///{"Anomaly":{"comillas_year_inactive.csv-anomalies.json":{"timestamp-no2":1.0,"timestamp-light":1.0,"timestamp-bat":-1.0,"timestamp-co":3.0,"timestamp-noise":-2.0,"tstamp-hum":-1.0,"tstamp-no2":-4.0,"tstamp-noise":-5.0,"tstamp-temp":-4.0,"tstamp-co":6.0,"tstamp-bat":1.0,"tstamp-light":10.0},"comillas_week_inactive.csv-anomalies.json":{"timestamp-no2":1.0,"timestamp-light":1.0,"timestamp-bat":-1.0,"timestamp-co":3.0,"timestamp-noise":-2.0,"tstamp-hum":-1.0,"tstamp-no2":-4.0,"tstamp-noise":-5.0,"tstamp-temp":-4.0,"tstamp-co":6.0,"tstamp-bat":1.0,"tstamp-light":10.0},"comillas_week_active.csv-anomalies.json":{"timestamp-no2":1.0,"timestamp-light":1.0,"timestamp-bat":-1.0,"timestamp-co":3.0,"timestamp-noise":-2.0,"tstamp-hum":-1.0,"tstamp-no2":-4.0,"tstamp-noise":-5.0,"tstamp-temp":-4.0,"tstamp-co":6.0,"tstamp-bat":1.0,"tstamp-light":10.0}},"Date":1.493025584172E12}///1493025584173
Correlator-comillas///{"Anomaly":{"comillas_year_inactive.csv-anomalies.json":{"timestamp-no2":1.0,"timestamp-light":1.0,"timestamp-bat":-1.0,"timestamp-co":3.0,"timestamp-noise":-2.0,"tstamp-hum":-1.0,"tstamp-no2":-4.0,"tstamp-noise":-5.0,"tstamp-temp":-4.0,"tstamp-co":6.0,"tstamp-bat":1.0,"tstamp-light":10.0},"comillas_week_inactive.csv-anomalies.json":{"timestamp-no2":1.0,"timestamp-light":1.0,"timestamp-bat":-1.0,"timestamp-co":3.0,"timestamp-noise":-2.0,"tstamp-hum":-1.0,"tstamp-no2":-4.0,"tstamp-noise":-5.0,"tstamp-temp":-4.0,"tstamp-co":6.0,"tstamp-bat":1.0,"tstamp-light":10.0},"comillas_week_active.csv-anomalies.json":{"timestamp-no2":1.0,"timestamp-light":1.0,"timestamp-bat":-1.0,"timestamp-co":3.0,"timestamp-noise":-2.0,"tstamp-hum":-1.0,"tstamp-no2":-4.0,"tstamp-noise":-5.0,"tstamp-temp":-4.0,"tstamp-co":6.0,"tstamp-bat":1.0,"tstamp-light":10.0}},"Date":1.493025585174E12}///1493025585174
Correlator-comillas///{"Anomaly":{"comillas_year_inactive.csv-anomalies.json":{"timestamp-no2":1.0,"timestamp-light":1.0,"timestamp-bat":-1.0,"timestamp-co":3.0,"timestamp-noise":-2.0,"tstamp-hum":-1.0,"tstamp-no2":-4.0,"tstamp-noise":-5.0,"tstamp-temp":-4.0,"tstamp-co":6.0,"tstamp-bat":1.0,"tstamp-light":10.0},"comillas_week_inactive.csv-anomalies.json":{"timestamp-no2":1.0,"timestamp-light":1.0,"timestamp-bat":-1.0,"timestamp-co":3.0,"timestamp-noise":-2.0,"tstamp-hum":-1.0,"tstamp-no2":-4.0,"tstamp-noise":-5.0,"tstamp-temp":-4.0,"tstamp-co":6.0,"tstamp-bat":1.0,"tstamp-light":10.0},"comillas_week_active.csv-anomalies.json":{"timestamp-no2":1.0,"timestamp-light":1.0,"timestamp-bat":-1.0,"timestamp-co":3.0,"timestamp-noise":-2.0,"tstamp-hum":-1.0,"tstamp-no2":-4.0,"tstamp-noise":-5.0,"tstamp-temp":-4.0,"tstamp-co":6.0,"tstamp-bat":1.0,"tstamp-light":10.0}},"Date":1.493025585175E12}///1493025585175
Correlator-comillas///{"Anomaly":{"comillas_year_inactive.csv-anomalies.json":{"timestamp-no2":1.0,"timestamp-light":1.0,"timestamp-bat":-1.0,"timestamp-co":3.0,"timestamp-noise":-2.0,"tstamp-hum":-1.0,"tstamp-no2":-4.0,"tstamp-noise":-5.0,"tstamp-temp":-4.0,"tstamp-co":6.0,"tstamp-bat":1.0,"tstamp-light":10.0},"comillas_week_inactive.csv-anomalies.json":{"timestamp-no2":1.0,"timestamp-light":1.0,"timestamp-bat":-1.0,"timestamp-co":3.0,"timestamp-noise":-2.0,"tstamp-hum":-1.0,"tstamp-no2":-4.0,"tstamp-noise":-5.0,"tstamp-temp":-4.0,"tstamp-co":6.0,"tstamp-bat":1.0,"tstamp-light":10.0},"comillas_week_active.csv-anomalies.json":{"timestamp-no2":1.0,"timestamp-light":1.0,"timestamp-bat":-1.0,"timestamp-co":3.0,"timestamp-noise":-2.0,"tstamp-hum":-1.0,"tstamp-no2":-4.0,"tstamp-noise":-5.0,"tstamp-temp":-4.0,"tstamp-co":6.0,"tstamp-bat":1.0,"tstamp-light":10.0}},"Date":1.493025805231E12}///1493025805232
Correlator-comillas///{"Anomaly":{"comillas_year_inactive.csv-anomalies.json":{"timestamp-no2":1.0,"timestamp-light":1.0,"timestamp-bat":-1.0,"timestamp-co":3.0,"timestamp-noise":-2.0,"tstamp-hum":-1.0,"tstamp-no2":-4.0,"tstamp-noise":-5.0,"tstamp-temp":-4.0,"tstamp-co":6.0,"tstamp-bat":1.0,"tstamp-light":10.0},"comillas_week_inactive.csv-anomalies.json":{"timestamp-no2":1.0,"timestamp-light":1.0,"timestamp-bat":-1.0,"timestamp-co":3.0,"timestamp-noise":-2.0,"tstamp-hum":-1.0,"tstamp-no2":-4.0,"tstamp-noise":-5.0,"tstamp-temp":-4.0,"tstamp-co":6.0,"tstamp-bat":1.0,"tstamp-light":10.0},"comillas_week_active.csv-anomalies.json":{"timestamp-no2":1.0,"timestamp-light":1.0,"timestamp-bat":-1.0,"timestamp-co":3.0,"timestamp-noise":-2.0,"tstamp-hum":-1.0,"tstamp-no2":-4.0,"tstamp-noise":-5.0,"tstamp-temp":-4.0,"tstamp-co":6.0,"tstamp-bat":1.0,"tstamp-light":10.0}},"Date":1.493025805233E12}///1493025805234
Correlator-comillas///{"Anomaly":{"comillas_year_inactive.csv-anomalies.json":{"timestamp-no2":1.0,"timestamp-light":1.0,"timestamp-bat":-1.0,"timestamp-co":3.0,"timestamp-noise":-2.0,"tstamp-hum":-1.0,"tstamp-no2":-4.0,"tstamp-noise":-5.0,"tstamp-temp":-4.0,"tstamp-co":6.0,"tstamp-bat":1.0,"tstamp-light":10.0},"comillas_week_inactive.csv-anomalies.json":{"timestamp-no2":1.0,"timestamp-light":1.0,"timestamp-bat":-1.0,"timestamp-co":3.0,"timestamp-noise":-2.0,"tstamp-hum":-1.0,"tstamp-no2":-4.0,"tstamp-noise":-5.0,"tstamp-temp":-4.0,"tstamp-co":6.0,"tstamp-bat":1.0,"tstamp-light":10.0},"comillas_week_active.csv-anomalies.json":{"timestamp-no2":1.0,"timestamp-light":1.0,"timestamp-bat":-1.0,"timestamp-co":3.0,"timestamp-noise":-2.0,"tstamp-hum":-1.0,"tstamp-no2":-4.0,"tstamp-noise":-5.0,"tstamp-temp":-4.0,"tstamp-co":6.0,"tstamp-bat":1.0,"tstamp-light":10.0}},"Date":1.493025806235E12}///1493025806236
Correlator-comillas///{"Anomaly":{"comillas_year_inactive.csv-anomalies.json":{"timestamp-no2":1.0,"timestamp-light":1.0,"timestamp-bat":-1.0,"timestamp-co":3.0,"timestamp-noise":-2.0,"tstamp-hum":-1.0,"tstamp-no2":-4.0,"tstamp-noise":-5.0,"tstamp-temp":-4.0,"tstamp-co":6.0,"tstamp-bat":1.0,"tstamp-light":10.0},"comillas_week_inactive.csv-anomalies.json":{"timestamp-no2":1.0,"timestamp-light":1.0,"timestamp-bat":-1.0,"timestamp-co":3.0,"timestamp-noise":-2.0,"tstamp-hum":-1.0,"tstamp-no2":-4.0,"tstamp-noise":-5.0,"tstamp-temp":-4.0,"tstamp-co":6.0,"tstamp-bat":1.0,"tstamp-light":10.0},"comillas_week_active.csv-anomalies.json":{"timestamp-no2":1.0,"timestamp-light":1.0,"timestamp-bat":-1.0,"timestamp-co":3.0,"timestamp-noise":-2.0,"tstamp-hum":-1.0,"tstamp-no2":-4.0,"tstamp-noise":-5.0,"tstamp-temp":-4.0,"tstamp-co":6.0,"tstamp-bat":1.0,"tstamp-light":10.0}},"Date":1.493025806238E12}///1493025806238
Correlator-storedData///{"Anomaly":{},"Date":1.493026689018E12}///1493026689019
Correlator-storedData///{"Anomaly":{},"Date":1.493026794476E12}///1493026794477
Correlator-storedData///{"Anomaly":{},"Date":1.49302679448E12}///1493026794481
Correlator-storedData///{"Anomaly":{},"Date":1.493026795482E12}///1493026795482
Correlator-storedData///{"Anomaly":{},"Date":1.493026801029E12}///1493026801030
Correlator-storedData///{"Anomaly":{},"Date":1.493026852732E12}///1493026852734
Correlator-storedData///{"Anomaly":{},"Date":1.493027344606E12}///1493027344607
Correlator-storedData///{"Anomaly":{},"Date":1.493027493622E12}///1493027493623
Correlator-storedData///{"Anomaly":{},"Date":1.493027848363E12}///1493027848364
Correlator-storedData///{"Anomaly":{},"Date":1.49302989528E12}///1493029895281
Correlator-storedData///{"Anomaly":{},"Date":1.49303000439E12}///1493030004392
Correlator-storedData///{"Anomaly":{},"Date":1.49303009611E12}///1493030096111
Correlator-storedData///{"Anomaly":{},"Date":1.49303022565E12}///1493030225652
Correlator-storedData///{"Anomaly":{},"Date":1.493030225654E12}///1493030225654
Correlator-storedData///{"Anomaly":{},"Date":1.493030226655E12}///1493030226655
Correlator-storedData///{"Anomaly":{},"Date":1.493030230563E12}///1493030230565
Correlator-storedData///{"Anomaly":{},"Date":1.493030264411E12}///1493030264412
Correlator-storedData///{"Anomaly":{},"Date":1.493031395609E12}///1493031395611
Correlator-storedData///{"Anomaly":{},"Date":1.493031403384E12}///1493031403385
Correlator-storedData///{"Anomaly":{},"Date":1.493031429418E12}///1493031429419
Correlator-storedData///{"Anomaly":{},"Date":1.493031451673E12}///1493031451675
Correlator-storedData///{"Anomaly":{},"Date":1.493031481078E12}///1493031481080
Correlator-storedData///{"Anomaly":{},"Date":1.493031915814E12}///1493031915834
Correlator-storedData///{"Anomaly":{},"Date":1.493031940016E12}///1493031940017
PAE-UsageAnom///{"Anomaly":{"Activo2":[3.0,1.0],"1958":[2.0,1.0],"Activo4":[1.0,3.0]},"Time":47181.0,"Date":1.49303198184E12}///1493031981840
PAE-OcupationAnom///{"Anomaly":{"15":1.0},"Time":47181.0,"Date":1.49303198184E12}///1493031981840
PAE-RegistrationAnom///{"Anomaly":{"Activo5":[15.0,14.0]},"Time":47181.0,"Date":1.49303198184E12}///1493031981840
Correlator-storedData///{"Anomaly":{},"Date":1.493033632501E12}///1493033632502
PAE-UsageAnom///{"Anomaly":{"Activo2":[3.0,1.0],"1958":[2.0,1.0],"Activo4":[1.0,3.0]},"Time":48862.0,"Date":1.493033662101E12}///1493033662102
PAE-OcupationAnom///{"Anomaly":{"15":1.0},"Time":48862.0,"Date":1.493033662101E12}///1493033662102
PAE-RegistrationAnom///{"Anomaly":{"Activo5":[15.0,14.0]},"Time":48862.0,"Date":1.493033662101E12}///1493033662102
PAE-UsageAnom///{"Anomaly":{"Activo2":[3.0,1.0],"1958":[2.0,1.0],"Activo4":[1.0,3.0]},"Time":48862.0,"Date":1.493033663103E12}///1493033663103
PAE-OcupationAnom///{"Anomaly":{"15":1.0},"Time":48862.0,"Date":1.493033663103E12}///1493033663103
PAE-RegistrationAnom///{"Anomaly":{"Activo5":[15.0,14.0]},"Time":48862.0,"Date":1.493033663103E12}///1493033663103
PAE-UsageAnom///{"Anomaly":{"Activo2":[3.0,1.0],"1958":[2.0,1.0],"Activo4":[1.0,3.0]},"Time":48922.0,"Date":1.49303372211E12}///1493033722110
PAE-OcupationAnom///{"Anomaly":{"15":1.0},"Time":48922.0,"Date":1.49303372211E12}///1493033722110
PAE-RegistrationAnom///{"Anomaly":{"Activo5":[15.0,14.0]},"Time":48922.0,"Date":1.49303372211E12}///1493033722110
PAE-UsageAnom///{"Anomaly":{"Activo2":[3.0,1.0],"1958":[2.0,1.0],"Activo4":[1.0,3.0]},"Time":48982.0,"Date":1.493033782119E12}///1493033782119
PAE-OcupationAnom///{"Anomaly":{"15":1.0},"Time":48982.0,"Date":1.493033782119E12}///1493033782119
PAE-RegistrationAnom///{"Anomaly":{"Activo5":[15.0,14.0]},"Time":48982.0,"Date":1.493033782119E12}///1493033782119
PAE-UsageAnom///{"Anomaly":{"Activo2":[3.0,1.0],"1958":[2.0,1.0],"Activo4":[1.0,3.0]},"Time":49042.0,"Date":1.493033842127E12}///1493033842128
PAE-OcupationAnom///{"Anomaly":{"15":1.0},"Time":49042.0,"Date":1.493033842127E12}///1493033842128
PAE-RegistrationAnom///{"Anomaly":{"Activo5":[15.0,14.0]},"Time":49042.0,"Date":1.493033842127E12}///1493033842128
PAE-UsageAnom///{"Anomaly":{"Activo2":[3.0,1.0],"1958":[2.0,1.0],"Activo4":[1.0,3.0]},"Time":49102.0,"Date":1.493033902135E12}///1493033902136
PAE-OcupationAnom///{"Anomaly":{"15":1.0},"Time":49102.0,"Date":1.493033902135E12}///1493033902136
PAE-RegistrationAnom///{"Anomaly":{"Activo5":[15.0,14.0]},"Time":49102.0,"Date":1.493033902135E12}///1493033902136
PAE-UsageAnom///{"Anomaly":{"Activo2":[3.0,1.0],"1958":[2.0,1.0],"Activo4":[1.0,3.0]},"Time":49102.0,"Date":1.493033903137E12}///1493033903137
PAE-OcupationAnom///{"Anomaly":{"15":1.0},"Time":49102.0,"Date":1.493033903137E12}///1493033903137
PAE-RegistrationAnom///{"Anomaly":{"Activo5":[15.0,14.0]},"Time":49102.0,"Date":1.493033903137E12}///1493033903137
